<?xml version="1.0" encoding="UTF-8"?>
<!-- Generated by org.testng.reporters.JUnitReportReporter -->
<testsuite hostname="kamalesh" failures="0" tests="2" name="TestCases.SampleTest" time="54.744" errors="0" timestamp="16 Jan 2024 14:16:50 GMT" skipped="0">
  <testcase classname="TestCases.SampleTest" name="loginPage" time="13.161"/>
  <testcase classname="TestCases.SampleTest" name="forgotPasswordPage" time="41.583"/>
</testsuite> <!-- TestCases.SampleTest -->
