<?xml version="1.0" encoding="UTF-8"?>
<!-- Generated by org.testng.reporters.JUnitReportReporter -->
<testsuite hostname="kamalesh" failures="0" tests="5" name="TestCases.SampleTest" time="3.516" errors="0" timestamp="16 Jan 2024 06:31:11 GMT" skipped="0">
  <testcase classname="TestCases.SampleTest" name="appTest" time="0.001"/>
  <testcase classname="TestCases.SampleTest" name="homePageLinks" time="0.001"/>
  <testcase classname="TestCases.SampleTest" name="appSupport" time="0.004"/>
  <testcase classname="TestCases.SampleTest" name="forgotPasswordPage" time="0.001"/>
  <testcase classname="TestCases.SampleTest" name="loginPage" time="3.509"/>
</testsuite> <!-- TestCases.SampleTest -->
